
Дата и время запуска программы: 2023-09-05 00:36:28.821556
Название функции: hello_world
Аргументы: () и {}
Результат выполнения: Hello World

Дата и время запуска программы: 2023-09-05 00:36:28.821556
Название функции: summator
Аргументы: (2, 2) и {}
Результат выполнения: 4

Дата и время запуска программы: 2023-09-05 00:36:28.821556
Название функции: div
Аргументы: (6, 2) и {}
Результат выполнения: 3.0

Дата и время запуска программы: 2023-09-05 00:36:28.821556
Название функции: summator
Аргументы: (4.3,) и {'b': 2.2}
Результат выполнения: 6.5

Дата и время запуска программы: 2023-09-05 00:36:28.822596
Название функции: summator
Аргументы: () и {'a': 0, 'b': 0}
Результат выполнения: 0
